[debug] [2024-06-02T10:39:57.429Z] ----------------------------------------------------------------------
[debug] [2024-06-02T10:39:57.429Z] Command:       C:\Program Files\nodejs\node.exe C:\Users\user\AppData\Roaming\npm\node_modules\firebase-tools\lib\bin\firebase.js login:ci --no-localhost --interactive
[debug] [2024-06-02T10:39:57.429Z] CLI Version:   13.10.1
[debug] [2024-06-02T10:39:57.429Z] Platform:      win32
[debug] [2024-06-02T10:39:57.429Z] Node Version:  v20.13.1
[debug] [2024-06-02T10:39:57.429Z] Time:          Sun Jun 02 2024 13:39:57 GMT+0300 (Восточная Европа, летнее время)
[debug] [2024-06-02T10:39:57.429Z] ----------------------------------------------------------------------
[debug] 
[warn] !  Authenticating with a `login:ci` token is deprecated and will be removed in a future major version of `firebase-tools`. Instead, use a service account key with `GOOGLE_APPLICATION_CREDENTIALS`: https://cloud.google.com/docs/authentication/getting-started 
[debug] [2024-06-02T10:39:57.445Z] >>> [apiv2][query] POST https://auth.firebase.tools/attest [none]
[debug] [2024-06-02T10:39:57.445Z] >>> [apiv2][body] POST https://auth.firebase.tools/attest {"session_id":"1c7ce40a-e78c-48a7-924a-7c9964ae9ebc"}
[debug] [2024-06-02T10:39:58.062Z] <<< [apiv2][status] POST https://auth.firebase.tools/attest 200
[debug] [2024-06-02T10:39:58.062Z] <<< [apiv2][body] POST https://auth.firebase.tools/attest {"token":"4AYGZ6GtT36T7PnL2PaDBx-Fs6yZnWkYNYb7QmdtJ0g"}
[info] 
[info] To sign in to the Firebase CLI:
[info] 
[info] 1. Take note of your session ID:
[info] 
[info]    1C7CE
[info] 
[info] 2. Visit the URL below on any device and follow the instructions to get your code:
[info] 
[info]    https://auth.firebase.tools/login?code_challenge=Gw8AFGiSIx7FNbWy3x0uBjnfoS7w5X0AKQz2SrPbBrA&session=1c7ce40a-e78c-48a7-924a-7c9964ae9ebc&attest=4AYGZ6GtT36T7PnL2PaDBx-Fs6yZnWkYNYb7QmdtJ0g
[info] 
[info] 3. Paste or enter the authorization code below once you have it:
[info] 
